[INFO ] 2019-02-05 01:55:13.534 [RMI TCP Connection(2)-127.0.0.1] SpringApplicationAdminMXBeanRegistrar$SpringApplicationAdmin - Application shutdown requested.
[INFO ] 2019-02-05 01:55:13.538 [RMI TCP Connection(2)-127.0.0.1] ThreadPoolTaskExecutor - Shutting down ExecutorService 'applicationTaskExecutor'
[INFO ] 2019-02-05 01:55:13.539 [RMI TCP Connection(2)-127.0.0.1] LocalContainerEntityManagerFactoryBean - Closing JPA EntityManagerFactory for persistence unit 'default'
[INFO ] 2019-02-05 01:55:13.541 [RMI TCP Connection(2)-127.0.0.1] HikariDataSource - HikariPool-1 - Shutdown initiated...
[INFO ] 2019-02-05 01:55:13.545 [RMI TCP Connection(2)-127.0.0.1] HikariDataSource - HikariPool-1 - Shutdown completed.
[INFO ] 2019-02-05 01:55:25.488 [main] ClientApp - Starting ClientApp on bot with PID 15746 (/home/brenan/eclipse-workspace-new/client/target/classes started by brenan in /home/brenan/eclipse-workspace-new/client)
[INFO ] 2019-02-05 01:55:25.489 [main] ClientApp - No active profile set, falling back to default profiles: default
[INFO ] 2019-02-05 01:55:26.244 [main] RepositoryConfigurationDelegate - Bootstrapping Spring Data repositories in DEFAULT mode.
[INFO ] 2019-02-05 01:55:26.269 [main] RepositoryConfigurationDelegate - Finished Spring Data repository scanning in 6ms. Found 0 repository interfaces.
[INFO ] 2019-02-05 01:55:26.683 [main] PostProcessorRegistrationDelegate$BeanPostProcessorChecker - Bean 'org.springframework.transaction.annotation.ProxyTransactionManagementConfiguration' of type [org.springframework.transaction.annotation.ProxyTransactionManagementConfiguration$$EnhancerBySpringCGLIB$$1f34dc9f] is not eligible for getting processed by all BeanPostProcessors (for example: not eligible for auto-proxying)
[INFO ] 2019-02-05 01:55:27.088 [main] TomcatWebServer - Tomcat initialized with port(s): 10000 (http)
[INFO ] 2019-02-05 01:55:27.100 [main] Http11NioProtocol - Initializing ProtocolHandler ["http-nio-10000"]
[INFO ] 2019-02-05 01:55:27.105 [main] StandardService - Starting service [Tomcat]
[INFO ] 2019-02-05 01:55:27.106 [main] StandardEngine - Starting Servlet Engine: Apache Tomcat/9.0.12
[INFO ] 2019-02-05 01:55:27.113 [main] AprLifecycleListener - The APR based Apache Tomcat Native library which allows optimal performance in production environments was not found on the java.library.path: [/usr/java/packages/lib/amd64:/usr/lib64:/lib64:/lib:/usr/lib]
[INFO ] 2019-02-05 01:55:27.193 [main] [/client] - Initializing Spring embedded WebApplicationContext
[INFO ] 2019-02-05 01:55:27.193 [main] ContextLoader - Root WebApplicationContext: initialization completed in 1672 ms
[INFO ] 2019-02-05 01:55:27.237 [main] FilterRegistrationBean - Mapping filter: 'characterEncodingFilter' to: [/*]
[INFO ] 2019-02-05 01:55:27.237 [main] FilterRegistrationBean - Mapping filter: 'hiddenHttpMethodFilter' to: [/*]
[INFO ] 2019-02-05 01:55:27.237 [main] FilterRegistrationBean - Mapping filter: 'formContentFilter' to: [/*]
[INFO ] 2019-02-05 01:55:27.237 [main] FilterRegistrationBean - Mapping filter: 'requestContextFilter' to: [/*]
[INFO ] 2019-02-05 01:55:27.238 [main] DelegatingFilterProxyRegistrationBean - Mapping filter: 'springSecurityFilterChain' to: [/*]
[INFO ] 2019-02-05 01:55:27.238 [main] FilterRegistrationBean - Mapping filter: 'oauth2ClientContextFilter' to: [/*]
[INFO ] 2019-02-05 01:55:27.238 [main] ServletRegistrationBean - Servlet dispatcherServlet mapped to [/]
[INFO ] 2019-02-05 01:55:27.364 [main] HikariDataSource - HikariPool-1 - Starting...
[INFO ] 2019-02-05 01:55:27.552 [main] HikariDataSource - HikariPool-1 - Start completed.
[INFO ] 2019-02-05 01:55:27.626 [main] Version - HHH000412: Hibernate Core {5.3.7.Final}
[INFO ] 2019-02-05 01:55:27.627 [main] Environment - HHH000206: hibernate.properties not found
[INFO ] 2019-02-05 01:55:27.729 [main] Version - HCANN000001: Hibernate Commons Annotations {5.0.4.Final}
[INFO ] 2019-02-05 01:55:27.836 [main] Dialect - HHH000400: Using dialect: org.hibernate.dialect.MySQL5Dialect
[INFO ] 2019-02-05 01:55:27.970 [main] LocalContainerEntityManagerFactoryBean - Initialized JPA EntityManagerFactory for persistence unit 'default'
[WARN ] 2019-02-05 01:55:27.999 [main] AnnotationConfigServletWebServerApplicationContext - Exception encountered during context initialization - cancelling refresh attempt: org.springframework.beans.factory.UnsatisfiedDependencyException: Error creating bean with name 'clientConfig': Unsatisfied dependency expressed through field 'accessTokenProvider'; nested exception is org.springframework.beans.factory.NoSuchBeanDefinitionException: No qualifying bean of type 'org.springframework.security.oauth2.client.token.AccessTokenProvider' available: expected at least 1 bean which qualifies as autowire candidate. Dependency annotations: {@org.springframework.beans.factory.annotation.Autowired(required=true)}
[INFO ] 2019-02-05 01:55:27.999 [main] LocalContainerEntityManagerFactoryBean - Closing JPA EntityManagerFactory for persistence unit 'default'
[INFO ] 2019-02-05 01:55:28.002 [main] HikariDataSource - HikariPool-1 - Shutdown initiated...
[INFO ] 2019-02-05 01:55:28.007 [main] HikariDataSource - HikariPool-1 - Shutdown completed.
[INFO ] 2019-02-05 01:55:28.008 [main] StandardService - Stopping service [Tomcat]
[ERROR] 2019-02-05 01:55:28.121 [main] LoggingFailureAnalysisReporter - 

***************************
APPLICATION FAILED TO START
***************************

Description:

Field accessTokenProvider in demoapps.client.auth.ClientConfig required a bean of type 'org.springframework.security.oauth2.client.token.AccessTokenProvider' that could not be found.

The injection point has the following annotations:
	- @org.springframework.beans.factory.annotation.Autowired(required=true)


Action:

Consider defining a bean of type 'org.springframework.security.oauth2.client.token.AccessTokenProvider' in your configuration.

[INFO ] 2019-02-05 01:55:35.683 [main] ClientApp - Starting ClientApp on bot with PID 15783 (/home/brenan/eclipse-workspace-new/client/target/classes started by brenan in /home/brenan/eclipse-workspace-new/client)
[INFO ] 2019-02-05 01:55:35.684 [main] ClientApp - No active profile set, falling back to default profiles: default
[INFO ] 2019-02-05 01:55:36.705 [main] RepositoryConfigurationDelegate - Bootstrapping Spring Data repositories in DEFAULT mode.
[INFO ] 2019-02-05 01:55:36.735 [main] RepositoryConfigurationDelegate - Finished Spring Data repository scanning in 7ms. Found 0 repository interfaces.
[INFO ] 2019-02-05 01:55:37.190 [main] PostProcessorRegistrationDelegate$BeanPostProcessorChecker - Bean 'org.springframework.transaction.annotation.ProxyTransactionManagementConfiguration' of type [org.springframework.transaction.annotation.ProxyTransactionManagementConfiguration$$EnhancerBySpringCGLIB$$164d80e1] is not eligible for getting processed by all BeanPostProcessors (for example: not eligible for auto-proxying)
[INFO ] 2019-02-05 01:55:37.579 [main] TomcatWebServer - Tomcat initialized with port(s): 10000 (http)
[INFO ] 2019-02-05 01:55:37.594 [main] Http11NioProtocol - Initializing ProtocolHandler ["http-nio-10000"]
[INFO ] 2019-02-05 01:55:37.600 [main] StandardService - Starting service [Tomcat]
[INFO ] 2019-02-05 01:55:37.600 [main] StandardEngine - Starting Servlet Engine: Apache Tomcat/9.0.12
[INFO ] 2019-02-05 01:55:37.608 [main] AprLifecycleListener - The APR based Apache Tomcat Native library which allows optimal performance in production environments was not found on the java.library.path: [/usr/java/packages/lib/amd64:/usr/lib64:/lib64:/lib:/usr/lib]
[INFO ] 2019-02-05 01:55:37.706 [main] [/client] - Initializing Spring embedded WebApplicationContext
[INFO ] 2019-02-05 01:55:37.706 [main] ContextLoader - Root WebApplicationContext: initialization completed in 1978 ms
[INFO ] 2019-02-05 01:55:37.767 [main] FilterRegistrationBean - Mapping filter: 'characterEncodingFilter' to: [/*]
[INFO ] 2019-02-05 01:55:37.768 [main] FilterRegistrationBean - Mapping filter: 'hiddenHttpMethodFilter' to: [/*]
[INFO ] 2019-02-05 01:55:37.768 [main] FilterRegistrationBean - Mapping filter: 'formContentFilter' to: [/*]
[INFO ] 2019-02-05 01:55:37.768 [main] FilterRegistrationBean - Mapping filter: 'requestContextFilter' to: [/*]
[INFO ] 2019-02-05 01:55:37.768 [main] DelegatingFilterProxyRegistrationBean - Mapping filter: 'springSecurityFilterChain' to: [/*]
[INFO ] 2019-02-05 01:55:37.769 [main] FilterRegistrationBean - Mapping filter: 'oauth2ClientContextFilter' to: [/*]
[INFO ] 2019-02-05 01:55:37.769 [main] ServletRegistrationBean - Servlet dispatcherServlet mapped to [/]
[INFO ] 2019-02-05 01:55:37.920 [main] HikariDataSource - HikariPool-1 - Starting...
[INFO ] 2019-02-05 01:55:38.137 [main] HikariDataSource - HikariPool-1 - Start completed.
[INFO ] 2019-02-05 01:55:38.236 [main] Version - HHH000412: Hibernate Core {5.3.7.Final}
[INFO ] 2019-02-05 01:55:38.238 [main] Environment - HHH000206: hibernate.properties not found
[INFO ] 2019-02-05 01:55:38.384 [main] Version - HCANN000001: Hibernate Commons Annotations {5.0.4.Final}
[INFO ] 2019-02-05 01:55:38.520 [main] Dialect - HHH000400: Using dialect: org.hibernate.dialect.MySQL5Dialect
[INFO ] 2019-02-05 01:55:38.705 [main] LocalContainerEntityManagerFactoryBean - Initialized JPA EntityManagerFactory for persistence unit 'default'
[WARN ] 2019-02-05 01:55:38.739 [main] AnnotationConfigServletWebServerApplicationContext - Exception encountered during context initialization - cancelling refresh attempt: org.springframework.beans.factory.UnsatisfiedDependencyException: Error creating bean with name 'clientConfig': Unsatisfied dependency expressed through field 'accessTokenProvider'; nested exception is org.springframework.beans.factory.NoSuchBeanDefinitionException: No qualifying bean of type 'org.springframework.security.oauth2.client.token.AccessTokenProvider' available: expected at least 1 bean which qualifies as autowire candidate. Dependency annotations: {@org.springframework.beans.factory.annotation.Autowired(required=true)}
[INFO ] 2019-02-05 01:55:38.740 [main] LocalContainerEntityManagerFactoryBean - Closing JPA EntityManagerFactory for persistence unit 'default'
[INFO ] 2019-02-05 01:55:38.744 [main] HikariDataSource - HikariPool-1 - Shutdown initiated...
[INFO ] 2019-02-05 01:55:38.754 [main] HikariDataSource - HikariPool-1 - Shutdown completed.
[INFO ] 2019-02-05 01:55:38.756 [main] StandardService - Stopping service [Tomcat]
[ERROR] 2019-02-05 01:55:38.946 [main] LoggingFailureAnalysisReporter - 

***************************
APPLICATION FAILED TO START
***************************

Description:

Field accessTokenProvider in demoapps.client.auth.ClientConfig required a bean of type 'org.springframework.security.oauth2.client.token.AccessTokenProvider' that could not be found.

The injection point has the following annotations:
	- @org.springframework.beans.factory.annotation.Autowired(required=true)


Action:

Consider defining a bean of type 'org.springframework.security.oauth2.client.token.AccessTokenProvider' in your configuration.

